<?xml version="1.0" encoding="UTF-8"?>
<testng-results ignored="0" total="2" passed="2" failed="0" skipped="0">
  <reporter-output>
  </reporter-output>
  <suite started-at="2022-04-28T16:47:19 IST" name="Suite" finished-at="2022-04-28T16:48:05 IST" duration-ms="45801">
    <groups>
    </groups>
    <test started-at="2022-04-28T16:47:19 IST" name="BankingApp Test" finished-at="2022-04-28T16:48:05 IST" duration-ms="45801">
      <class name="com.inetBanking.testCases.TC_AddCustomerTest_003">
        <test-method is-config="true" signature="setUp(java.lang.String)[pri:0, instance:com.inetBanking.testCases.TC_AddCustomerTest_003@9597028]" started-at="2022-04-28T16:47:37 IST" name="setUp" finished-at="2022-04-28T16:47:43 IST" duration-ms="6472" status="PASS">
          <params>
            <param index="0">
              <value>
                <![CDATA[chrome]]>
              </value>
            </param>
          </params>
          <reporter-output>
          </reporter-output>
        </test-method> <!-- setUp -->
        <test-method signature="addNewCustomer()[pri:0, instance:com.inetBanking.testCases.TC_AddCustomerTest_003@9597028]" started-at="2022-04-28T16:47:43 IST" name="addNewCustomer" finished-at="2022-04-28T16:48:05 IST" duration-ms="21897" status="PASS">
          <reporter-output>
          </reporter-output>
        </test-method> <!-- addNewCustomer -->
        <test-method is-config="true" signature="tearDown()[pri:0, instance:com.inetBanking.testCases.TC_AddCustomerTest_003@9597028]" started-at="2022-04-28T16:48:05 IST" name="tearDown" finished-at="2022-04-28T16:48:05 IST" duration-ms="253" status="PASS">
          <reporter-output>
          </reporter-output>
        </test-method> <!-- tearDown -->
      </class> <!-- com.inetBanking.testCases.TC_AddCustomerTest_003 -->
      <class name="com.inetBanking.testCases.TC_LoginTest_001">
        <test-method is-config="true" signature="setUp(java.lang.String)[pri:0, instance:com.inetBanking.testCases.TC_LoginTest_001@57a3af25]" started-at="2022-04-28T16:47:19 IST" name="setUp" finished-at="2022-04-28T16:47:28 IST" duration-ms="8575" status="PASS">
          <params>
            <param index="0">
              <value>
                <![CDATA[chrome]]>
              </value>
            </param>
          </params>
          <reporter-output>
          </reporter-output>
        </test-method> <!-- setUp -->
        <test-method signature="LoginTest()[pri:0, instance:com.inetBanking.testCases.TC_LoginTest_001@57a3af25]" started-at="2022-04-28T16:47:28 IST" name="LoginTest" finished-at="2022-04-28T16:47:36 IST" duration-ms="8272" status="PASS">
          <reporter-output>
          </reporter-output>
        </test-method> <!-- LoginTest -->
        <test-method is-config="true" signature="tearDown()[pri:0, instance:com.inetBanking.testCases.TC_LoginTest_001@57a3af25]" started-at="2022-04-28T16:47:36 IST" name="tearDown" finished-at="2022-04-28T16:47:37 IST" duration-ms="280" status="PASS">
          <reporter-output>
          </reporter-output>
        </test-method> <!-- tearDown -->
      </class> <!-- com.inetBanking.testCases.TC_LoginTest_001 -->
    </test> <!-- BankingApp Test -->
  </suite> <!-- Suite -->
</testng-results>
